#                                                                 --- full sequence ---- --- best 1 domain ---- --- domain number estimation ----
# target name        accession  query name             accession    E-value  score  bias   E-value  score  bias   exp reg clu  ov env dom rep inc description of target
#------------------- ----------   -------------------- ---------- --------- ------ ----- --------- ------ -----   --- --- --- --- --- --- --- --- ---------------------
WP_014794563.1       -          hgcA_reference_slimmed -           6.2e-141  471.5   0.4  7.3e-141  471.3   0.4   1.0   1   0   0   1   1   1   1 -
WP_014826630.1       -          hgcA_reference_slimmed -           1.5e-137  460.4   0.1  1.8e-137  460.1   0.1   1.0   1   0   0   1   1   1   1 -
WP_025248733.1       -          hgcA_reference_slimmed -           1.6e-137  460.3   0.4  1.9e-137  460.1   0.4   1.0   1   0   0   1   1   1   1 -
WP_007786010.1       -          hgcA_reference_slimmed -           4.4e-137  458.9   0.9  5.1e-137  458.6   0.9   1.0   1   0   0   1   1   1   1 -
WP_013484889.1       -          hgcA_reference_slimmed -             1e-136  457.6   1.0  1.2e-136  457.4   1.0   1.0   1   0   0   1   1   1   1 -
WP_004512129.1       -          hgcA_reference_slimmed -           2.3e-133  446.6   1.8  2.7e-133  446.4   1.8   1.0   1   0   0   1   1   1   1 -
WP_010942086.1       -          hgcA_reference_slimmed -           3.5e-133  446.1   1.7    4e-133  445.9   1.7   1.0   1   0   0   1   1   1   1 -
WP_020875937.1       -          hgcA_reference_slimmed -           5.6e-133  445.4   0.3  6.6e-133  445.1   0.3   1.0   1   0   0   1   1   1   1 -
WP_039648272.1       -          hgcA_reference_slimmed -           1.6e-132  443.9   1.4  1.8e-132  443.7   1.4   1.0   1   0   0   1   1   1   1 -
WP_085944962.1       -          hgcA_reference_slimmed -           2.9e-132  443.0   0.1  3.3e-132  442.8   0.1   1.0   1   0   0   1   1   1   1 -
WP_023846500.1       -          hgcA_reference_slimmed -           1.8e-129  433.8   0.1  2.2e-129  433.6   0.1   1.0   1   0   0   1   1   1   1 -
WP_012647565.1       -          hgcA_reference_slimmed -           3.6e-129  432.9   0.6  4.1e-129  432.7   0.6   1.0   1   0   0   1   1   1   1 -
WP_144082377.1       -          hgcA_reference_slimmed -           9.8e-129  431.4   0.2  1.1e-128  431.2   0.2   1.0   1   0   0   1   1   1   1 -
WP_027367778.1       -          hgcA_reference_slimmed -           1.2e-128  431.1   0.2  1.4e-128  430.9   0.2   1.0   1   0   0   1   1   1   1 -
ADW16620.1           -          hgcA_reference_slimmed -           1.4e-127  427.6   0.1  1.6e-127  427.5   0.1   1.0   1   0   0   1   1   1   1 -
WP_041263054.1       -          hgcA_reference_slimmed -           1.6e-127  427.4   1.3  1.9e-127  427.2   1.3   1.1   1   0   0   1   1   1   1 -
WP_014321697.1       -          hgcA_reference_slimmed -           2.1e-127  427.1   0.0  2.4e-127  426.9   0.0   1.0   1   0   0   1   1   1   1 -
WP_013515564.1       -          hgcA_reference_slimmed -             1e-126  424.8   0.2  1.2e-126  424.6   0.2   1.0   1   0   0   1   1   1   1 -
WP_143709353.1       -          hgcA_reference_slimmed -             1e-126  424.8   0.0  1.2e-126  424.6   0.0   1.0   1   0   0   1   1   1   1 -
WP_008519317.1       -          hgcA_reference_slimmed -             1e-126  424.8   0.4  1.2e-126  424.6   0.4   1.0   1   0   0   1   1   1   1 -
WP_019177913.1       -          hgcA_reference_slimmed -           1.7e-124  417.5   0.2    2e-124  417.3   0.2   1.1   1   0   0   1   1   1   1 -
WP_012899470.1       -          hgcA_reference_slimmed -           4.5e-124  416.1   2.0  5.4e-124  415.9   2.0   1.0   1   0   0   1   1   1   1 -
WP_083756534.1       -          hgcA_reference_slimmed -           4.8e-124  416.0   0.0  5.5e-124  415.8   0.0   1.0   1   0   0   1   1   1   1 -
WP_042697303.1       -          hgcA_reference_slimmed -           1.5e-123  414.4   0.1  1.8e-123  414.1   0.1   1.1   1   0   0   1   1   1   1 -
WP_152512879.1       -          hgcA_reference_slimmed -           2.5e-122  410.4   0.6  2.9e-122  410.2   0.6   1.0   1   0   0   1   1   1   1 -
WP_051307249.1       -          hgcA_reference_slimmed -           4.1e-122  409.7   0.0  4.7e-122  409.5   0.0   1.0   1   0   0   1   1   1   1 -
WP_050762129.1       -          hgcA_reference_slimmed -           2.3e-121  407.2   0.0  2.7e-121  407.0   0.0   1.0   1   0   0   1   1   1   1 -
WP_015324055.1       -          hgcA_reference_slimmed -           6.8e-120  402.4   2.2  8.1e-120  402.1   2.2   1.1   1   0   0   1   1   1   1 -
WP_148208277.1       -          hgcA_reference_slimmed -           9.2e-120  402.0   0.7  1.1e-119  401.7   0.7   1.0   1   0   0   1   1   1   1 -
WP_008871053.1       -          hgcA_reference_slimmed -           1.5e-118  398.0   0.2  1.7e-118  397.8   0.2   1.0   1   0   0   1   1   1   1 -
WP_157203321.1       -          hgcA_reference_slimmed -           2.4e-117  394.0   0.2  2.9e-117  393.8   0.2   1.1   1   0   0   1   1   1   1 -
#
# Program:         hmmsearch
# Version:         3.3 (Nov 2019)
# Pipeline mode:   SEARCH
# Query file:      HMMs/hgcA_original.hmm
# Target file:     verifiedMethylators/ORFs.faa
# Option settings: hmmsearch --tblout verifiedMethylators/hgcA_search/hgcA.out --cut_tc HMMs/hgcA_original.hmm verifiedMethylators/ORFs.faa 
# Current dir:     /Users/benjaminpeterson/Documents/research/5M/dataEdited/HMMs/hgcA_HMM_construction
# Date:            Wed Apr 15 21:50:51 2020
# [ok]
